<?xml version="1.0"?>
<testsuite name="Chrome 57.0.2987 (Mac OS X 10.12.3)" package="" timestamp="2017-04-20T17:18:41" id="0" hostname="Tommys-iMac.local" tests="218" errors="0" failures="0" time="8.545">
  <properties>
    <property name="browser.fullName" value="Mozilla/5.0 (Macintosh; Intel Mac OS X 10_12_3) AppleWebKit/537.36 (KHTML, like Gecko) Chrome/57.0.2987.133 Safari/537.36"/>
  </properties>
  <testcase name="AppNavigationComponent should create" time="0.151" classname="Chrome_57_0_2987_(Mac_OS_X_10_12_3).AppNavigationComponent"/>
  <testcase name="AppNavigationComponent logOut should call the logOut method on the AuthService" time="0.072" classname="Chrome_57_0_2987_(Mac_OS_X_10_12_3).AppNavigationComponent"/>
  <testcase name="AppComponent 1st tests true is true" time="0.017" classname="Chrome_57_0_2987_(Mac_OS_X_10_12_3).AppComponent"/>
  <testcase name="AppComponent should create the app" time="0.027" classname="Chrome_57_0_2987_(Mac_OS_X_10_12_3).AppComponent"/>
  <testcase name="AuthApiService should exist" time="0.015" classname="Chrome_57_0_2987_(Mac_OS_X_10_12_3).AuthApiService"/>
  <testcase name="AuthApiService login should set the proper headers and params and return an observable that passes the response data" time="0.013" classname="Chrome_57_0_2987_(Mac_OS_X_10_12_3).AuthApiService"/>
  <testcase name="AuthCustomHttpService should ..." time="0.008" classname="Chrome_57_0_2987_(Mac_OS_X_10_12_3).AuthCustomHttpService"/>
  <testcase name="AuthCustomHttpService setGlobalHeaders should have a setGlobalHeaders function" time="0.016" classname="Chrome_57_0_2987_(Mac_OS_X_10_12_3).AuthCustomHttpService"/>
  <testcase name="AuthCustomHttpService setGlobalHeaders should call setGlobalHeaders on the AuthHttp" time="0.007" classname="Chrome_57_0_2987_(Mac_OS_X_10_12_3).AuthCustomHttpService"/>
  <testcase name="AuthCustomHttpService get should have a get function" time="0.01" classname="Chrome_57_0_2987_(Mac_OS_X_10_12_3).AuthCustomHttpService"/>
  <testcase name="AuthCustomHttpService get should call the AuthHttp and return the response" time="0.013" classname="Chrome_57_0_2987_(Mac_OS_X_10_12_3).AuthCustomHttpService"/>
  <testcase name="AuthCustomHttpService post should have a post function" time="0.011" classname="Chrome_57_0_2987_(Mac_OS_X_10_12_3).AuthCustomHttpService"/>
  <testcase name="AuthCustomHttpService post should call the AuthHttp and return the response" time="0.007" classname="Chrome_57_0_2987_(Mac_OS_X_10_12_3).AuthCustomHttpService"/>
  <testcase name="AuthCustomHttpService put should have a put function" time="0.008" classname="Chrome_57_0_2987_(Mac_OS_X_10_12_3).AuthCustomHttpService"/>
  <testcase name="AuthCustomHttpService put should call the AuthHttp and return the response" time="0.006" classname="Chrome_57_0_2987_(Mac_OS_X_10_12_3).AuthCustomHttpService"/>
  <testcase name="AuthCustomHttpService delete should have a delete function" time="0.005" classname="Chrome_57_0_2987_(Mac_OS_X_10_12_3).AuthCustomHttpService"/>
  <testcase name="AuthCustomHttpService delete should call the AuthHttp and return the response" time="0.013" classname="Chrome_57_0_2987_(Mac_OS_X_10_12_3).AuthCustomHttpService"/>
  <testcase name="AuthCustomHttpService patch should have a patch function" time="0.005" classname="Chrome_57_0_2987_(Mac_OS_X_10_12_3).AuthCustomHttpService"/>
  <testcase name="AuthCustomHttpService patch should call the AuthHttp and return the response" time="0.006" classname="Chrome_57_0_2987_(Mac_OS_X_10_12_3).AuthCustomHttpService"/>
  <testcase name="AuthCustomHttpService error handling should have a get function" time="0.005" classname="Chrome_57_0_2987_(Mac_OS_X_10_12_3).AuthCustomHttpService"/>
  <testcase name="AuthCustomHttpService error handling should redirect to login if the response is unauthorized" time="0.007" classname="Chrome_57_0_2987_(Mac_OS_X_10_12_3).AuthCustomHttpService"/>
  <testcase name="AuthCustomHttpService error handling should redirect to login if the response is unauthorized" time="0.007" classname="Chrome_57_0_2987_(Mac_OS_X_10_12_3).AuthCustomHttpService"/>
  <testcase name="AuthCustomHttpService error handling should redirect to login if the response is unauthorized" time="0.008" classname="Chrome_57_0_2987_(Mac_OS_X_10_12_3).AuthCustomHttpService"/>
  <testcase name="AuthCustomHttpService error handling should redirect to login if the response is unauthorized" time="0.015" classname="Chrome_57_0_2987_(Mac_OS_X_10_12_3).AuthCustomHttpService"/>
  <testcase name="AuthCustomHttpService error handling should return the error if not unauthorized" time="0.005" classname="Chrome_57_0_2987_(Mac_OS_X_10_12_3).AuthCustomHttpService"/>
  <testcase name="AuthGuardService should exist" time="0.01" classname="Chrome_57_0_2987_(Mac_OS_X_10_12_3).AuthGuardService"/>
  <testcase name="AuthGuardService canActivate should have a canActivate function" time="0.009" classname="Chrome_57_0_2987_(Mac_OS_X_10_12_3).AuthGuardService"/>
  <testcase name="AuthGuardService canActivate should return true if the AuthService returns true" time="0.006" classname="Chrome_57_0_2987_(Mac_OS_X_10_12_3).AuthGuardService"/>
  <testcase name="AuthGuardService canActivate should return false if the AuthService.loggedIn() returns false" time="0.005" classname="Chrome_57_0_2987_(Mac_OS_X_10_12_3).AuthGuardService"/>
  <testcase name="AuthGuardService canActivate should call setUrl on the AuthService with the RouterStateSnapshot url value if AuthService.loggedIn() returns false" time="0.005" classname="Chrome_57_0_2987_(Mac_OS_X_10_12_3).AuthGuardService"/>
  <testcase name="AuthService should exist" time="0.013" classname="Chrome_57_0_2987_(Mac_OS_X_10_12_3).AuthService"/>
  <testcase name="AuthService login should be a function" time="0.004" classname="Chrome_57_0_2987_(Mac_OS_X_10_12_3).AuthService"/>
  <testcase name="AuthService login should call the AuthApiService and call the success callbacks upon success" time="0.011" classname="Chrome_57_0_2987_(Mac_OS_X_10_12_3).AuthService"/>
  <testcase name="AuthService login should call the AuthApiService and call the error callbacks upon error" time="0.004" classname="Chrome_57_0_2987_(Mac_OS_X_10_12_3).AuthService"/>
  <testcase name="AuthService loggedIn should be a function" time="0.004" classname="Chrome_57_0_2987_(Mac_OS_X_10_12_3).AuthService"/>
  <testcase name="AuthService loggedIn should return the value from tokenNotExpired" time="0.005" classname="Chrome_57_0_2987_(Mac_OS_X_10_12_3).AuthService"/>
  <testcase name="AuthService logOut should be a function" time="0.005" classname="Chrome_57_0_2987_(Mac_OS_X_10_12_3).AuthService"/>
  <testcase name="AuthService logOut should call localStorage.removeItem with &quot;id_token&quot;" time="0.004" classname="Chrome_57_0_2987_(Mac_OS_X_10_12_3).AuthService"/>
  <testcase name="AuthService setUrl should be a function" time="0.004" classname="Chrome_57_0_2987_(Mac_OS_X_10_12_3).AuthService"/>
  <testcase name="AuthService setUrl should set the value of this.redirectUrl" time="0.01" classname="Chrome_57_0_2987_(Mac_OS_X_10_12_3).AuthService"/>
  <testcase name="AuthService getRedirectUrl should be a function" time="0.005" classname="Chrome_57_0_2987_(Mac_OS_X_10_12_3).AuthService"/>
  <testcase name="AuthService getRedirectUrl should return the value of this.redirectUrl" time="0.004" classname="Chrome_57_0_2987_(Mac_OS_X_10_12_3).AuthService"/>
  <testcase name="AuthService processSuccess should be a function" time="0.004" classname="Chrome_57_0_2987_(Mac_OS_X_10_12_3).AuthService"/>
  <testcase name="AuthService processSuccess should call localStorage.setItem with its input" time="0.004" classname="Chrome_57_0_2987_(Mac_OS_X_10_12_3).AuthService"/>
  <testcase name="AuthService processError should be a function" time="0.005" classname="Chrome_57_0_2987_(Mac_OS_X_10_12_3).AuthService"/>
  <testcase name="AuthService processError should parse the JSON string in the error response and return an object with the error message" time="0.003" classname="Chrome_57_0_2987_(Mac_OS_X_10_12_3).AuthService"/>
  <testcase name="CampaignCreatorFormComponent should create" time="0.205" classname="Chrome_57_0_2987_(Mac_OS_X_10_12_3).CampaignCreatorFormComponent"/>
  <testcase name="CampaignCreatorFormComponent ngOnInit should have an init function" time="0.146" classname="Chrome_57_0_2987_(Mac_OS_X_10_12_3).CampaignCreatorFormComponent"/>
  <testcase name="CampaignCreatorFormComponent ngOnInit should set up a CampaignModel and set some defaults" time="0.136" classname="Chrome_57_0_2987_(Mac_OS_X_10_12_3).CampaignCreatorFormComponent"/>
  <testcase name="CampaignCreatorFormComponent checkStatus should have a checkStatus function" time="0.121" classname="Chrome_57_0_2987_(Mac_OS_X_10_12_3).CampaignCreatorFormComponent"/>
  <testcase name="CampaignCreatorFormComponent checkStatus should set the status of the campaign to 1 if passed true" time="0.119" classname="Chrome_57_0_2987_(Mac_OS_X_10_12_3).CampaignCreatorFormComponent"/>
  <testcase name="CampaignCreatorFormComponent checkStatus should set the status of the campaign to 0 if passed false" time="0.157" classname="Chrome_57_0_2987_(Mac_OS_X_10_12_3).CampaignCreatorFormComponent"/>
  <testcase name="CampaignCreatorFormComponent submitForm should have a submitForm function" time="0.122" classname="Chrome_57_0_2987_(Mac_OS_X_10_12_3).CampaignCreatorFormComponent"/>
  <testcase name="CampaignCreatorFormComponent submitForm should format the request and call the CampaignApiService" time="0.107" classname="Chrome_57_0_2987_(Mac_OS_X_10_12_3).CampaignCreatorFormComponent"/>
  <testcase name="CampaignCreatorFormComponent processSuccess should have a processSuccess function" time="0.094" classname="Chrome_57_0_2987_(Mac_OS_X_10_12_3).CampaignCreatorFormComponent"/>
  <testcase name="CampaignCreatorFormComponent processSuccess should handle the response from a successful create call" time="0.102" classname="Chrome_57_0_2987_(Mac_OS_X_10_12_3).CampaignCreatorFormComponent"/>
  <testcase name="CampaignCreatorComponent should create" time="0.012" classname="Chrome_57_0_2987_(Mac_OS_X_10_12_3).CampaignCreatorComponent"/>
  <testcase name="CampaignDetailsComponent should create" time="0.041" classname="Chrome_57_0_2987_(Mac_OS_X_10_12_3).CampaignDetailsComponent"/>
  <testcase name="CampaignsComponent should create" time="0.013" classname="Chrome_57_0_2987_(Mac_OS_X_10_12_3).CampaignsComponent"/>
  <testcase name="CampaignsListComponent should create" time="0.023" classname="Chrome_57_0_2987_(Mac_OS_X_10_12_3).CampaignsListComponent"/>
  <testcase name="CampaignsListComponent ngOnInit should have an init function" time="0.024" classname="Chrome_57_0_2987_(Mac_OS_X_10_12_3).CampaignsListComponent"/>
  <testcase name="CampaignsListComponent ngOnInit should call getCampaigns" time="0.016" classname="Chrome_57_0_2987_(Mac_OS_X_10_12_3).CampaignsListComponent"/>
  <testcase name="CampaignsListComponent getCampaigns should have a getCampaigns function" time="0.018" classname="Chrome_57_0_2987_(Mac_OS_X_10_12_3).CampaignsListComponent"/>
  <testcase name="CampaignsListComponent getCampaigns should call the CampaignApi and pass the response to processGetSuccess" time="0.016" classname="Chrome_57_0_2987_(Mac_OS_X_10_12_3).CampaignsListComponent"/>
  <testcase name="CampaignsListComponent processGetSuccess should have a processGetSuccess function" time="0.017" classname="Chrome_57_0_2987_(Mac_OS_X_10_12_3).CampaignsListComponent"/>
  <testcase name="CampaignsListComponent processGetSuccess should handle the response from a successful create call" time="0.023" classname="Chrome_57_0_2987_(Mac_OS_X_10_12_3).CampaignsListComponent"/>
  <testcase name="CampaignsListComponent deleteItem should have a deleteItem function" time="0.017" classname="Chrome_57_0_2987_(Mac_OS_X_10_12_3).CampaignsListComponent"/>
  <testcase name="CampaignsListComponent deleteItem should call the CampaignApi and pass the response to processGetSuccess" time="0.017" classname="Chrome_57_0_2987_(Mac_OS_X_10_12_3).CampaignsListComponent"/>
  <testcase name="CampaignsListComponent processDeleteSuccess should have a processDeleteSuccess function" time="0.022" classname="Chrome_57_0_2987_(Mac_OS_X_10_12_3).CampaignsListComponent"/>
  <testcase name="CampaignsListComponent processDeleteSuccess should handle the response from a successful delete call and remove the item from the array" time="0.019" classname="Chrome_57_0_2987_(Mac_OS_X_10_12_3).CampaignsListComponent"/>
  <testcase name="CampaignsOverviewComponent should create" time="0.012" classname="Chrome_57_0_2987_(Mac_OS_X_10_12_3).CampaignsOverviewComponent"/>
  <testcase name="CampaignApiService should ..." time="0.005" classname="Chrome_57_0_2987_(Mac_OS_X_10_12_3).CampaignApiService"/>
  <testcase name="CampaignApiService getCampaigns should have a getCampaigns function" time="0.004" classname="Chrome_57_0_2987_(Mac_OS_X_10_12_3).CampaignApiService"/>
  <testcase name="CampaignApiService getCampaigns should call the AuthCustomHttpService and return the response" time="0.003" classname="Chrome_57_0_2987_(Mac_OS_X_10_12_3).CampaignApiService"/>
  <testcase name="CampaignApiService createCampaign should have a createCampaign function" time="0.004" classname="Chrome_57_0_2987_(Mac_OS_X_10_12_3).CampaignApiService"/>
  <testcase name="CampaignApiService createCampaign should call the AuthCustomHttpService and return the response" time="0.01" classname="Chrome_57_0_2987_(Mac_OS_X_10_12_3).CampaignApiService"/>
  <testcase name="CampaignApiService deleteCampaign should have a deleteCampaign function" time="0.004" classname="Chrome_57_0_2987_(Mac_OS_X_10_12_3).CampaignApiService"/>
  <testcase name="CampaignApiService deleteCampaign should call the AuthCustomHttpService and return the response" time="0.004" classname="Chrome_57_0_2987_(Mac_OS_X_10_12_3).CampaignApiService"/>
  <testcase name="ContentComponent should create" time="0.011" classname="Chrome_57_0_2987_(Mac_OS_X_10_12_3).ContentComponent"/>
  <testcase name="ContentCreatorFormComponent should create" time="0.25" classname="Chrome_57_0_2987_(Mac_OS_X_10_12_3).ContentCreatorFormComponent"/>
  <testcase name="ContentCreatorFormComponent ngOnInit should have an init function" time="0.543" classname="Chrome_57_0_2987_(Mac_OS_X_10_12_3).ContentCreatorFormComponent"/>
  <testcase name="ContentCreatorFormComponent ngOnInit should call fetchUuid" time="0.636" classname="Chrome_57_0_2987_(Mac_OS_X_10_12_3).ContentCreatorFormComponent"/>
  <testcase name="ContentCreatorFormComponent submitForm should have a submitForm function" time="0.654" classname="Chrome_57_0_2987_(Mac_OS_X_10_12_3).ContentCreatorFormComponent"/>
  <testcase name="ContentCreatorFormComponent submitForm should format the request and call the ContentApiService" time="0.549" classname="Chrome_57_0_2987_(Mac_OS_X_10_12_3).ContentCreatorFormComponent"/>
  <testcase name="ContentCreatorFormComponent processSuccess should have a processSuccess function" time="0.594" classname="Chrome_57_0_2987_(Mac_OS_X_10_12_3).ContentCreatorFormComponent"/>
  <testcase name="ContentCreatorFormComponent processSuccess should handle the response from a successful create call" time="0.596" classname="Chrome_57_0_2987_(Mac_OS_X_10_12_3).ContentCreatorFormComponent"/>
  <testcase name="ContentCreatorComponent should create" time="0.01" classname="Chrome_57_0_2987_(Mac_OS_X_10_12_3).ContentCreatorComponent"/>
  <testcase name="TermsDialogComponent should create" time="0.031" classname="Chrome_57_0_2987_(Mac_OS_X_10_12_3).TermsDialogComponent"/>
  <testcase name="ContentDetailsComponent should create" time="0.111" classname="Chrome_57_0_2987_(Mac_OS_X_10_12_3).ContentDetailsComponent"/>
  <testcase name="ContentOverviewComponent should create" time="0.032" classname="Chrome_57_0_2987_(Mac_OS_X_10_12_3).ContentOverviewComponent"/>
  <testcase name="ContentOverviewComponent ngOnInit should have an init function" time="0.035" classname="Chrome_57_0_2987_(Mac_OS_X_10_12_3).ContentOverviewComponent"/>
  <testcase name="ContentOverviewComponent ngOnInit should call getContent" time="0.029" classname="Chrome_57_0_2987_(Mac_OS_X_10_12_3).ContentOverviewComponent"/>
  <testcase name="ContentOverviewComponent getContent should have a getContent function" time="0.057" classname="Chrome_57_0_2987_(Mac_OS_X_10_12_3).ContentOverviewComponent"/>
  <testcase name="ContentOverviewComponent getContent should call the ContentApi and pass the response to processGetSuccess" time="0.03" classname="Chrome_57_0_2987_(Mac_OS_X_10_12_3).ContentOverviewComponent"/>
  <testcase name="ContentOverviewComponent processGetSuccess should have a processGetSuccess function" time="0.042" classname="Chrome_57_0_2987_(Mac_OS_X_10_12_3).ContentOverviewComponent"/>
  <testcase name="ContentOverviewComponent processGetSuccess should handle the response from a successful create call" time="0.1" classname="Chrome_57_0_2987_(Mac_OS_X_10_12_3).ContentOverviewComponent"/>
  <testcase name="ContentOverviewComponent deleteItem should have a deleteItem function" time="0.03" classname="Chrome_57_0_2987_(Mac_OS_X_10_12_3).ContentOverviewComponent"/>
  <testcase name="ContentOverviewComponent deleteItem should call the ContentApi and pass the response to processGetSuccess" time="0.033" classname="Chrome_57_0_2987_(Mac_OS_X_10_12_3).ContentOverviewComponent"/>
  <testcase name="ContentOverviewComponent processDeleteSuccess should have a processDeleteSuccess function" time="0.027" classname="Chrome_57_0_2987_(Mac_OS_X_10_12_3).ContentOverviewComponent"/>
  <testcase name="ContentOverviewComponent processDeleteSuccess should handle the response from a successful delete call and remove the item from the array" time="0.035" classname="Chrome_57_0_2987_(Mac_OS_X_10_12_3).ContentOverviewComponent"/>
  <testcase name="ContentApiService should ..." time="0.005" classname="Chrome_57_0_2987_(Mac_OS_X_10_12_3).ContentApiService"/>
  <testcase name="ContentApiService getContent should have a getContent function" time="0.005" classname="Chrome_57_0_2987_(Mac_OS_X_10_12_3).ContentApiService"/>
  <testcase name="ContentApiService getContent should call the AuthCustomHttpService and return the response" time="0.009" classname="Chrome_57_0_2987_(Mac_OS_X_10_12_3).ContentApiService"/>
  <testcase name="ContentApiService getContent should call the AuthCustomHttpService and return the response if passed an id" time="0.004" classname="Chrome_57_0_2987_(Mac_OS_X_10_12_3).ContentApiService"/>
  <testcase name="ContentApiService createContent should have a createContent function" time="0.005" classname="Chrome_57_0_2987_(Mac_OS_X_10_12_3).ContentApiService"/>
  <testcase name="ContentApiService createContent should call the AuthCustomHttpService and return the response" time="0.004" classname="Chrome_57_0_2987_(Mac_OS_X_10_12_3).ContentApiService"/>
  <testcase name="ContentApiService deleteContent should have a deleteContent function" time="0.005" classname="Chrome_57_0_2987_(Mac_OS_X_10_12_3).ContentApiService"/>
  <testcase name="ContentApiService deleteContent should call the AuthCustomHttpService and return the response" time="0.009" classname="Chrome_57_0_2987_(Mac_OS_X_10_12_3).ContentApiService"/>
  <testcase name="LoginComponent should create" time="0.029" classname="Chrome_57_0_2987_(Mac_OS_X_10_12_3).LoginComponent"/>
  <testcase name="LoginComponent ngOnInit should have an init function" time="0.03" classname="Chrome_57_0_2987_(Mac_OS_X_10_12_3).LoginComponent"/>
  <testcase name="LoginComponent ngOnInit should set some defaults" time="0.032" classname="Chrome_57_0_2987_(Mac_OS_X_10_12_3).LoginComponent"/>
  <testcase name="LoginComponent login should have a login function" time="0.028" classname="Chrome_57_0_2987_(Mac_OS_X_10_12_3).LoginComponent"/>
  <testcase name="LoginComponent login should return false if it is passed an invalid form object" time="0.032" classname="Chrome_57_0_2987_(Mac_OS_X_10_12_3).LoginComponent"/>
  <testcase name="LoginComponent login should call the login method on the AuthService if it is passed a valid form object" time="0.036" classname="Chrome_57_0_2987_(Mac_OS_X_10_12_3).LoginComponent"/>
  <testcase name="LoginComponent processSuccess should have a processSuccess function" time="0.029" classname="Chrome_57_0_2987_(Mac_OS_X_10_12_3).LoginComponent"/>
  <testcase name="LoginComponent processSuccess should get the redirect url from the AuthService and call the router to the url redirect if the url is defined and not an empty string" time="0.032" classname="Chrome_57_0_2987_(Mac_OS_X_10_12_3).LoginComponent"/>
  <testcase name="LoginComponent processSuccess should get the redirect url from the AuthService and call the router to redirect to overview if passed an undefined value" time="0.035" classname="Chrome_57_0_2987_(Mac_OS_X_10_12_3).LoginComponent"/>
  <testcase name="LoginComponent processSuccess should get the redirect url from the AuthService and call the router to redirect to overview if passed an undefined value" time="0.031" classname="Chrome_57_0_2987_(Mac_OS_X_10_12_3).LoginComponent"/>
  <testcase name="LoginComponent processSuccess should get the redirect url from the AuthService and call the router to redirect to overview if passed and empty string" time="0.03" classname="Chrome_57_0_2987_(Mac_OS_X_10_12_3).LoginComponent"/>
  <testcase name="LoginComponent processError should have a processError function" time="0.028" classname="Chrome_57_0_2987_(Mac_OS_X_10_12_3).LoginComponent"/>
  <testcase name="LoginComponent processError should check the format of the error object and leave the default value of this.invalid_credentials as false if the error  message is not &quot;invalid_credentials&quot;" time="0.029" classname="Chrome_57_0_2987_(Mac_OS_X_10_12_3).LoginComponent"/>
  <testcase name="LoginComponent processError should check the format of the error object and change the value of this.invalid_credentials to true if the error message is &quot;invalid_credentials&quot;" time="0.027" classname="Chrome_57_0_2987_(Mac_OS_X_10_12_3).LoginComponent"/>
  <testcase name="AuthApiMockService should exist" time="0.005" classname="Chrome_57_0_2987_(Mac_OS_X_10_12_3).AuthApiMockService"/>
  <testcase name="AuthApiMockService login should be a function" time="0.007" classname="Chrome_57_0_2987_(Mac_OS_X_10_12_3).AuthApiMockService"/>
  <testcase name="AuthApiMockService login should return false" time="0.003" classname="Chrome_57_0_2987_(Mac_OS_X_10_12_3).AuthApiMockService"/>
  <testcase name="AuthCustomHttpServiceMock should exist" time="0.004" classname="Chrome_57_0_2987_(Mac_OS_X_10_12_3).AuthCustomHttpServiceMock"/>
  <testcase name="AuthCustomHttpServiceMock get should be a function" time="0.004" classname="Chrome_57_0_2987_(Mac_OS_X_10_12_3).AuthCustomHttpServiceMock"/>
  <testcase name="AuthCustomHttpServiceMock get should return false" time="0.003" classname="Chrome_57_0_2987_(Mac_OS_X_10_12_3).AuthCustomHttpServiceMock"/>
  <testcase name="AuthCustomHttpServiceMock post should be a function" time="0.004" classname="Chrome_57_0_2987_(Mac_OS_X_10_12_3).AuthCustomHttpServiceMock"/>
  <testcase name="AuthCustomHttpServiceMock post should return false" time="0.003" classname="Chrome_57_0_2987_(Mac_OS_X_10_12_3).AuthCustomHttpServiceMock"/>
  <testcase name="AuthCustomHttpServiceMock delete should be a function" time="0.003" classname="Chrome_57_0_2987_(Mac_OS_X_10_12_3).AuthCustomHttpServiceMock"/>
  <testcase name="AuthCustomHttpServiceMock delete should return false" time="0.005" classname="Chrome_57_0_2987_(Mac_OS_X_10_12_3).AuthCustomHttpServiceMock"/>
  <testcase name="AuthHttpMockService should exist" time="0.004" classname="Chrome_57_0_2987_(Mac_OS_X_10_12_3).AuthHttpMockService"/>
  <testcase name="AuthHttpMockService setGlobalHeaders should be a function" time="0.008" classname="Chrome_57_0_2987_(Mac_OS_X_10_12_3).AuthHttpMockService"/>
  <testcase name="AuthHttpMockService setGlobalHeaders should return false" time="0.004" classname="Chrome_57_0_2987_(Mac_OS_X_10_12_3).AuthHttpMockService"/>
  <testcase name="AuthHttpMockService get should be a function" time="0.003" classname="Chrome_57_0_2987_(Mac_OS_X_10_12_3).AuthHttpMockService"/>
  <testcase name="AuthHttpMockService get should return false" time="0.004" classname="Chrome_57_0_2987_(Mac_OS_X_10_12_3).AuthHttpMockService"/>
  <testcase name="AuthHttpMockService post should be a function" time="0.003" classname="Chrome_57_0_2987_(Mac_OS_X_10_12_3).AuthHttpMockService"/>
  <testcase name="AuthHttpMockService post should return false" time="0.004" classname="Chrome_57_0_2987_(Mac_OS_X_10_12_3).AuthHttpMockService"/>
  <testcase name="AuthHttpMockService put should be a function" time="0.003" classname="Chrome_57_0_2987_(Mac_OS_X_10_12_3).AuthHttpMockService"/>
  <testcase name="AuthHttpMockService put should return false" time="0.004" classname="Chrome_57_0_2987_(Mac_OS_X_10_12_3).AuthHttpMockService"/>
  <testcase name="AuthHttpMockService patch should be a function" time="0.008" classname="Chrome_57_0_2987_(Mac_OS_X_10_12_3).AuthHttpMockService"/>
  <testcase name="AuthHttpMockService patch should return false" time="0.004" classname="Chrome_57_0_2987_(Mac_OS_X_10_12_3).AuthHttpMockService"/>
  <testcase name="AuthHttpMockService delete should be a function" time="0.003" classname="Chrome_57_0_2987_(Mac_OS_X_10_12_3).AuthHttpMockService"/>
  <testcase name="AuthHttpMockService delete should return false" time="0.004" classname="Chrome_57_0_2987_(Mac_OS_X_10_12_3).AuthHttpMockService"/>
  <testcase name="AuthApiMockService should exist" time="0.004" classname="Chrome_57_0_2987_(Mac_OS_X_10_12_3).AuthApiMockService"/>
  <testcase name="AuthApiMockService login should be a function" time="0.004" classname="Chrome_57_0_2987_(Mac_OS_X_10_12_3).AuthApiMockService"/>
  <testcase name="AuthApiMockService login should take two callback functions and call them" time="0.003" classname="Chrome_57_0_2987_(Mac_OS_X_10_12_3).AuthApiMockService"/>
  <testcase name="AuthApiMockService functions should have some of dummy functions that return true" time="0.004" classname="Chrome_57_0_2987_(Mac_OS_X_10_12_3).AuthApiMockService"/>
  <testcase name="CampaignApiMockService should exist" time="0.004" classname="Chrome_57_0_2987_(Mac_OS_X_10_12_3).CampaignApiMockService"/>
  <testcase name="CampaignApiMockService getCampaigns should be a function" time="0.009" classname="Chrome_57_0_2987_(Mac_OS_X_10_12_3).CampaignApiMockService"/>
  <testcase name="CampaignApiMockService getCampaigns should return false" time="0.004" classname="Chrome_57_0_2987_(Mac_OS_X_10_12_3).CampaignApiMockService"/>
  <testcase name="CampaignApiMockService createCampaign should be a function" time="0.003" classname="Chrome_57_0_2987_(Mac_OS_X_10_12_3).CampaignApiMockService"/>
  <testcase name="CampaignApiMockService createCampaign should return false" time="0.004" classname="Chrome_57_0_2987_(Mac_OS_X_10_12_3).CampaignApiMockService"/>
  <testcase name="CampaignApiMockService deleteCampaign should be a function" time="0.003" classname="Chrome_57_0_2987_(Mac_OS_X_10_12_3).CampaignApiMockService"/>
  <testcase name="CampaignApiMockService deleteCampaign should return false" time="0.009" classname="Chrome_57_0_2987_(Mac_OS_X_10_12_3).CampaignApiMockService"/>
  <testcase name="ContentApiMockService should exist" time="0.004" classname="Chrome_57_0_2987_(Mac_OS_X_10_12_3).ContentApiMockService"/>
  <testcase name="ContentApiMockService getContent should be a function" time="0.004" classname="Chrome_57_0_2987_(Mac_OS_X_10_12_3).ContentApiMockService"/>
  <testcase name="ContentApiMockService getContent should return false" time="0.004" classname="Chrome_57_0_2987_(Mac_OS_X_10_12_3).ContentApiMockService"/>
  <testcase name="ContentApiMockService createContent should be a function" time="0.008" classname="Chrome_57_0_2987_(Mac_OS_X_10_12_3).ContentApiMockService"/>
  <testcase name="ContentApiMockService createContent should return false" time="0.003" classname="Chrome_57_0_2987_(Mac_OS_X_10_12_3).ContentApiMockService"/>
  <testcase name="ContentApiMockService deleteContent should be a function" time="0.004" classname="Chrome_57_0_2987_(Mac_OS_X_10_12_3).ContentApiMockService"/>
  <testcase name="ContentApiMockService deleteContent should return false" time="0.003" classname="Chrome_57_0_2987_(Mac_OS_X_10_12_3).ContentApiMockService"/>
  <testcase name="RouterMockService should exist" time="0.005" classname="Chrome_57_0_2987_(Mac_OS_X_10_12_3).RouterMockService"/>
  <testcase name="RouterMockService functions should have some of dummy functions that return stuff" time="0.004" classname="Chrome_57_0_2987_(Mac_OS_X_10_12_3).RouterMockService"/>
  <testcase name="DateUtilsMockService should exist" time="0.005" classname="Chrome_57_0_2987_(Mac_OS_X_10_12_3).DateUtilsMockService"/>
  <testcase name="DateUtilsMockService formatSQLDate should be a function" time="0.004" classname="Chrome_57_0_2987_(Mac_OS_X_10_12_3).DateUtilsMockService"/>
  <testcase name="DateUtilsMockService formatSQLDate should return false" time="0.013" classname="Chrome_57_0_2987_(Mac_OS_X_10_12_3).DateUtilsMockService"/>
  <testcase name="AuthApiMockService should exist" time="0" classname="Chrome_57_0_2987_(Mac_OS_X_10_12_3).AuthApiMockService"/>
  <testcase name="AuthApiMockService should return false" time="0" classname="Chrome_57_0_2987_(Mac_OS_X_10_12_3).AuthApiMockService"/>
  <testcase name="TriggerApiMockService should exist" time="0.004" classname="Chrome_57_0_2987_(Mac_OS_X_10_12_3).TriggerApiMockService"/>
  <testcase name="TriggerApiMockService getTriggers should be a function" time="0.004" classname="Chrome_57_0_2987_(Mac_OS_X_10_12_3).TriggerApiMockService"/>
  <testcase name="TriggerApiMockService getTriggers should return false" time="0.004" classname="Chrome_57_0_2987_(Mac_OS_X_10_12_3).TriggerApiMockService"/>
  <testcase name="TriggerApiMockService createTrigger should be a function" time="0.003" classname="Chrome_57_0_2987_(Mac_OS_X_10_12_3).TriggerApiMockService"/>
  <testcase name="TriggerApiMockService createTrigger should return false" time="0.004" classname="Chrome_57_0_2987_(Mac_OS_X_10_12_3).TriggerApiMockService"/>
  <testcase name="TriggerApiMockService deleteTrigger should be a function" time="0.003" classname="Chrome_57_0_2987_(Mac_OS_X_10_12_3).TriggerApiMockService"/>
  <testcase name="TriggerApiMockService deleteTrigger should return false" time="0.003" classname="Chrome_57_0_2987_(Mac_OS_X_10_12_3).TriggerApiMockService"/>
  <testcase name="DateUtilsService should ..." time="0.004" classname="Chrome_57_0_2987_(Mac_OS_X_10_12_3).DateUtilsService"/>
  <testcase name="DateUtilsService formatSQLDate should be a function" time="0.009" classname="Chrome_57_0_2987_(Mac_OS_X_10_12_3).DateUtilsService"/>
  <testcase name="DateUtilsService formatSQLDate should format the date" time="0.007" classname="Chrome_57_0_2987_(Mac_OS_X_10_12_3).DateUtilsService"/>
  <testcase name="FileUploaderComponent should create" time="0.023" classname="Chrome_57_0_2987_(Mac_OS_X_10_12_3).FileUploaderComponent"/>
  <testcase name="FilestackService should ..." time="0.004" classname="Chrome_57_0_2987_(Mac_OS_X_10_12_3).FilestackService"/>
  <testcase name="ImageComponent should create" time="0.012" classname="Chrome_57_0_2987_(Mac_OS_X_10_12_3).ImageComponent"/>
  <testcase name="SortableListComponent should create" time="0.032" classname="Chrome_57_0_2987_(Mac_OS_X_10_12_3).SortableListComponent"/>
  <testcase name="UuidApiService should ..." time="0.005" classname="Chrome_57_0_2987_(Mac_OS_X_10_12_3).UuidApiService"/>
  <testcase name="UuidApiService fetchUuid should have a fetchUuid function" time="0.004" classname="Chrome_57_0_2987_(Mac_OS_X_10_12_3).UuidApiService"/>
  <testcase name="UuidApiService fetchUuid should call the AuthCustomHttpService and return the response" time="0.004" classname="Chrome_57_0_2987_(Mac_OS_X_10_12_3).UuidApiService"/>
  <testcase name="TriggerApiService should ..." time="0.005" classname="Chrome_57_0_2987_(Mac_OS_X_10_12_3).TriggerApiService"/>
  <testcase name="TriggerApiService getTriggers should have a getTriggers function" time="0.004" classname="Chrome_57_0_2987_(Mac_OS_X_10_12_3).TriggerApiService"/>
  <testcase name="TriggerApiService getTriggers should call the AuthCustomHttpService and return the response" time="0.003" classname="Chrome_57_0_2987_(Mac_OS_X_10_12_3).TriggerApiService"/>
  <testcase name="TriggerApiService createTrigger should have a createTrigger function" time="0.007" classname="Chrome_57_0_2987_(Mac_OS_X_10_12_3).TriggerApiService"/>
  <testcase name="TriggerApiService createTrigger should call the AuthCustomHttpService and return the response" time="0.008" classname="Chrome_57_0_2987_(Mac_OS_X_10_12_3).TriggerApiService"/>
  <testcase name="TriggerApiService deleteTrigger should have a deleteTrigger function" time="0.004" classname="Chrome_57_0_2987_(Mac_OS_X_10_12_3).TriggerApiService"/>
  <testcase name="TriggerApiService deleteTrigger should call the AuthCustomHttpService and return the response" time="0.004" classname="Chrome_57_0_2987_(Mac_OS_X_10_12_3).TriggerApiService"/>
  <testcase name="TriggerCreatorFormComponent should create" time="0.077" classname="Chrome_57_0_2987_(Mac_OS_X_10_12_3).TriggerCreatorFormComponent"/>
  <testcase name="TriggerCreatorFormComponent ngOnInit should have an init function" time="0.082" classname="Chrome_57_0_2987_(Mac_OS_X_10_12_3).TriggerCreatorFormComponent"/>
  <testcase name="TriggerCreatorFormComponent ngOnInit should call fetchUuid" time="0.084" classname="Chrome_57_0_2987_(Mac_OS_X_10_12_3).TriggerCreatorFormComponent"/>
  <testcase name="TriggerCreatorFormComponent submitForm should have a submitForm function" time="0.083" classname="Chrome_57_0_2987_(Mac_OS_X_10_12_3).TriggerCreatorFormComponent"/>
  <testcase name="TriggerCreatorFormComponent submitForm should format the request and call the TriggerApiService" time="0.135" classname="Chrome_57_0_2987_(Mac_OS_X_10_12_3).TriggerCreatorFormComponent"/>
  <testcase name="TriggerCreatorFormComponent processSuccess should have a processSuccess function" time="0.09" classname="Chrome_57_0_2987_(Mac_OS_X_10_12_3).TriggerCreatorFormComponent"/>
  <testcase name="TriggerCreatorFormComponent processSuccess should handle the response from a successful create call" time="0.089" classname="Chrome_57_0_2987_(Mac_OS_X_10_12_3).TriggerCreatorFormComponent"/>
  <testcase name="TriggerCreatorComponent should create" time="0.01" classname="Chrome_57_0_2987_(Mac_OS_X_10_12_3).TriggerCreatorComponent"/>
  <testcase name="TriggerDetailsComponent should create" time="0.046" classname="Chrome_57_0_2987_(Mac_OS_X_10_12_3).TriggerDetailsComponent"/>
  <testcase name="TriggersComponent should create" time="0.012" classname="Chrome_57_0_2987_(Mac_OS_X_10_12_3).TriggersComponent"/>
  <testcase name="TriggersOverviewComponent should create" time="0.03" classname="Chrome_57_0_2987_(Mac_OS_X_10_12_3).TriggersOverviewComponent"/>
  <testcase name="TriggersOverviewComponent ngOnInit should have an init function" time="0.034" classname="Chrome_57_0_2987_(Mac_OS_X_10_12_3).TriggersOverviewComponent"/>
  <testcase name="TriggersOverviewComponent ngOnInit should call getTriggers" time="0.03" classname="Chrome_57_0_2987_(Mac_OS_X_10_12_3).TriggersOverviewComponent"/>
  <testcase name="TriggersOverviewComponent getTriggers should have a getTriggers function" time="0.03" classname="Chrome_57_0_2987_(Mac_OS_X_10_12_3).TriggersOverviewComponent"/>
  <testcase name="TriggersOverviewComponent getTriggers should call the TriggerApi and pass the response to processGetSuccess" time="0.027" classname="Chrome_57_0_2987_(Mac_OS_X_10_12_3).TriggersOverviewComponent"/>
  <testcase name="TriggersOverviewComponent processGetSuccess should have a processGetSuccess function" time="0.032" classname="Chrome_57_0_2987_(Mac_OS_X_10_12_3).TriggersOverviewComponent"/>
  <testcase name="TriggersOverviewComponent processGetSuccess should handle the response from a successful create call" time="0.024" classname="Chrome_57_0_2987_(Mac_OS_X_10_12_3).TriggersOverviewComponent"/>
  <testcase name="TriggersOverviewComponent deleteItem should have a deleteItem function" time="0.028" classname="Chrome_57_0_2987_(Mac_OS_X_10_12_3).TriggersOverviewComponent"/>
  <testcase name="TriggersOverviewComponent deleteItem should call the TriggerApi and pass the response to processGetSuccess" time="0.029" classname="Chrome_57_0_2987_(Mac_OS_X_10_12_3).TriggersOverviewComponent"/>
  <testcase name="TriggersOverviewComponent processDeleteSuccess should have a processDeleteSuccess function" time="0.029" classname="Chrome_57_0_2987_(Mac_OS_X_10_12_3).TriggersOverviewComponent"/>
  <testcase name="TriggersOverviewComponent processDeleteSuccess should handle the response from a successful delete call and remove the item from the array" time="0.03" classname="Chrome_57_0_2987_(Mac_OS_X_10_12_3).TriggersOverviewComponent"/>
  <testcase name="UserApiService should exist" time="0.009" classname="Chrome_57_0_2987_(Mac_OS_X_10_12_3).UserApiService"/>
  <testcase name="UserApiService getUser should have a getUser function" time="0.005" classname="Chrome_57_0_2987_(Mac_OS_X_10_12_3).UserApiService"/>
  <testcase name="UserApiService getUser should call the AuthCustomHttpService and return the response" time="0.004" classname="Chrome_57_0_2987_(Mac_OS_X_10_12_3).UserApiService"/>
  <system-out>
    <![CDATA[Chrome 57.0.2987 (Mac OS X 10.12.3) LOG: 'route', undefined
,Chrome 57.0.2987 (Mac OS X 10.12.3) LOG: 'state', undefined
,Chrome 57.0.2987 (Mac OS X 10.12.3) LOG: 'route', null
,Chrome 57.0.2987 (Mac OS X 10.12.3) LOG: 'state', RouterStateSnapshotMock{}
,Chrome 57.0.2987 (Mac OS X 10.12.3) LOG: 'route', null
,Chrome 57.0.2987 (Mac OS X 10.12.3) LOG: 'state', RouterStateSnapshotMock{url: '/url'}
,Chrome 57.0.2987 (Mac OS X 10.12.3) LOG: 'data', Object{token: 'foo'}
,Chrome 57.0.2987 (Mac OS X 10.12.3) LOG: 'saved campaign data', Object{foo: 'bar'}
,Chrome 57.0.2987 (Mac OS X 10.12.3) LOG: 'saved content data', Object{foo: 'bar'}
,Chrome 57.0.2987 (Mac OS X 10.12.3) LOG: 'this.trigger', Object{name: '', value: 0, campaign_id: '', type: ''}
,Chrome 57.0.2987 (Mac OS X 10.12.3) LOG: 'saved trigger data', Object{foo: 'bar'}

]]>
  </system-out>
  <system-err/>
</testsuite>